Exporter version: 2.80.0, Blender version: 2.91.0
========= Conversion from Blender to Babylon.js =========
	Scene settings used :
		Inline textures     :  false
		Material Type       :  PBR
		Positions Precision :  4
		Normals Precision   :  3
		UVs Precision       :  3
		Vert Color Precision:  3
		Mat Weight Precision:  2
		Keep Z-up r-handed  :  no
		Texture directory   :  D:\project\defender-js\client\client\public\assets\maps\
	Python World class constructor completed
	processing begun of mesh:  Icosphere.004
		processing begun of material:  leaf
		processing begun of material:  tree-body.001
		processing begun of material:  Material
		processing begun of multimaterial:  terrain.Multimaterial#0
		num positions      :  638
		num normals        :  638
		num tangents       :  0
		num uvs            :  0
		num uvs2           :  0
		num colors         :  0
		num triangles      :  258
		WARNING: # of 0 area faces found:  8
	processing begun of mesh:  Icosphere.032
		processing begun of material:  cloud
		num positions      :  252
		num normals        :  252
		num tangents       :  0
		num uvs            :  0
		num uvs2           :  0
		num colors         :  0
		num triangles      :  84
	processing begun of mesh:  Cube.005
		processing begun of material:  çit
		num positions      :  2676
		num normals        :  2676
		num tangents       :  0
		num uvs            :  0
		num uvs2           :  0
		num colors         :  0
		num triangles      :  1242
		WARNING: # of 0 area faces found:  374
	processing begun of mesh:  Cube.001
		processing begun of material:  house
		processing begun of material:  roof
		processing begun of material:  window
		processing begun of material:  glass
		processing begun of material:  house-downwall
		processing begun of multimaterial:  terrain.Multimaterial#1
		num positions      :  758
		num normals        :  758
		num tangents       :  0
		num uvs            :  0
		num uvs2           :  0
		num colors         :  0
		num triangles      :  428
		WARNING: # of 0 area faces found:  86
	processing begun of mesh:  Cube
		processing begun of material:  house
		processing begun of material:  roof
		processing begun of material:  window
		processing begun of material:  glass
		processing begun of material:  house-downwall
		registered as also a user of material:  house
		registered as also a user of material:  roof
		registered as also a user of material:  window
		registered as also a user of material:  glass
		registered as also a user of material:  house-downwall
		processing begun of multimaterial:  terrain.Multimaterial#2
		num positions      :  758
		num normals        :  758
		num tangents       :  0
		num uvs            :  0
		num uvs2           :  0
		num colors         :  0
		num triangles      :  428
		WARNING: # of 0 area faces found:  86
	processing begun of mesh:  Cylinder.019
		processing begun of material:  leaf2
		processing begun of material:  tree-body
		processing begun of material:  snow
		processing begun of multimaterial:  terrain.Multimaterial#3
		num positions      :  233
		num normals        :  233
		num tangents       :  0
		num uvs            :  0
		num uvs2           :  0
		num colors         :  0
		num triangles      :  92
		WARNING: # of 0 area faces found:  10
	processing begun of mesh:  Icosphere.031
		processing begun of material:  cloud
		registered as also a user of material:  cloud
		num positions      :  252
		num normals        :  252
		num tangents       :  0
		num uvs            :  0
		num uvs2           :  0
		num colors         :  0
		num triangles      :  84
	processing begun of mesh:  Icosphere.030
		processing begun of material:  cloud
		registered as also a user of material:  cloud
		num positions      :  252
		num normals        :  252
		num tangents       :  0
		num uvs            :  0
		num uvs2           :  0
		num colors         :  0
		num triangles      :  84
	processing begun of mesh:  Icosphere.029
		processing begun of material:  cloud
		registered as also a user of material:  cloud
		num positions      :  252
		num normals        :  252
		num tangents       :  0
		num uvs            :  0
		num uvs2           :  0
		num colors         :  0
		num triangles      :  84
	processing begun of mesh:  Icosphere.028
		processing begun of material:  cloud
		registered as also a user of material:  cloud
		num positions      :  252
		num normals        :  252
		num tangents       :  0
		num uvs            :  0
		num uvs2           :  0
		num colors         :  0
		num triangles      :  84
	processing begun of mesh:  Cylinder.018
		processing begun of material:  leaf2
		processing begun of material:  tree-body
		registered as also a user of material:  leaf2
		registered as also a user of material:  tree-body
		processing begun of multimaterial:  terrain.Multimaterial#4
		num positions      :  233
		num normals        :  233
		num tangents       :  0
		num uvs            :  0
		num uvs2           :  0
		num colors         :  0
		num triangles      :  92
		WARNING: # of 0 area faces found:  10
	processing begun of mesh:  Icosphere.027
		processing begun of material:  leaf
		processing begun of material:  tree-body.001
		registered as also a user of material:  leaf
		registered as also a user of material:  tree-body.001
		processing begun of multimaterial:  terrain.Multimaterial#5
		num positions      :  269
		num normals        :  269
		num tangents       :  0
		num uvs            :  0
		num uvs2           :  0
		num colors         :  0
		num triangles      :  102
	processing begun of mesh:  Icosphere.026
		processing begun of material:  leaf
		processing begun of material:  tree-body.001
		registered as also a user of material:  leaf
		registered as also a user of material:  tree-body.001
		processing begun of multimaterial:  terrain.Multimaterial#6
		num positions      :  347
		num normals        :  347
		num tangents       :  0
		num uvs            :  0
		num uvs2           :  0
		num colors         :  0
		num triangles      :  128
	processing begun of mesh:  Icosphere.025
		processing begun of material:  leaf
		processing begun of material:  tree-body.001
		registered as also a user of material:  leaf
		registered as also a user of material:  tree-body.001
		processing begun of multimaterial:  terrain.Multimaterial#7
		num positions      :  638
		num normals        :  638
		num tangents       :  0
		num uvs            :  0
		num uvs2           :  0
		num colors         :  0
		num triangles      :  258
		WARNING: # of 0 area faces found:  8
	processing begun of mesh:  Icosphere.024
		processing begun of material:  leaf
		processing begun of material:  tree-body.001
		registered as also a user of material:  leaf
		registered as also a user of material:  tree-body.001
		processing begun of multimaterial:  terrain.Multimaterial#8
		num positions      :  638
		num normals        :  638
		num tangents       :  0
		num uvs            :  0
		num uvs2           :  0
		num colors         :  0
		num triangles      :  258
		WARNING: # of 0 area faces found:  8
	processing begun of mesh:  Icosphere.023
		processing begun of material:  leaf
		processing begun of material:  tree-body.001
		registered as also a user of material:  leaf
		registered as also a user of material:  tree-body.001
		processing begun of multimaterial:  terrain.Multimaterial#9
		num positions      :  347
		num normals        :  347
		num tangents       :  0
		num uvs            :  0
		num uvs2           :  0
		num colors         :  0
		num triangles      :  128
	processing begun of mesh:  Cylinder.017
		processing begun of material:  leaf2
		processing begun of material:  tree-body
		registered as also a user of material:  leaf2
		registered as also a user of material:  tree-body
		processing begun of multimaterial:  terrain.Multimaterial#10
		num positions      :  233
		num normals        :  233
		num tangents       :  0
		num uvs            :  0
		num uvs2           :  0
		num colors         :  0
		num triangles      :  92
		WARNING: # of 0 area faces found:  10
	processing begun of mesh:  Cylinder.016
		processing begun of material:  leaf2
		processing begun of material:  tree-body
		registered as also a user of material:  leaf2
		registered as also a user of material:  tree-body
		processing begun of multimaterial:  terrain.Multimaterial#11
		num positions      :  233
		num normals        :  233
		num tangents       :  0
		num uvs            :  0
		num uvs2           :  0
		num colors         :  0
		num triangles      :  92
		WARNING: # of 0 area faces found:  10
	processing begun of mesh:  Icosphere.021
		processing begun of material:  leaf
		processing begun of material:  tree-body.001
		registered as also a user of material:  leaf
		registered as also a user of material:  tree-body.001
		processing begun of multimaterial:  terrain.Multimaterial#12
		num positions      :  269
		num normals        :  269
		num tangents       :  0
		num uvs            :  0
		num uvs2           :  0
		num colors         :  0
		num triangles      :  102
	processing begun of mesh:  Icosphere.020
		processing begun of material:  leaf
		processing begun of material:  tree-body.001
		registered as also a user of material:  leaf
		registered as also a user of material:  tree-body.001
		processing begun of multimaterial:  terrain.Multimaterial#13
		num positions      :  347
		num normals        :  347
		num tangents       :  0
		num uvs            :  0
		num uvs2           :  0
		num colors         :  0
		num triangles      :  128
	processing begun of mesh:  Icosphere.019
		processing begun of material:  leaf
		processing begun of material:  tree-body.001
		registered as also a user of material:  leaf
		registered as also a user of material:  tree-body.001
		processing begun of multimaterial:  terrain.Multimaterial#14
		num positions      :  638
		num normals        :  638
		num tangents       :  0
		num uvs            :  0
		num uvs2           :  0
		num colors         :  0
		num triangles      :  258
		WARNING: # of 0 area faces found:  8
	processing begun of mesh:  Icosphere.018
		processing begun of material:  leaf
		processing begun of material:  tree-body.001
		registered as also a user of material:  leaf
		registered as also a user of material:  tree-body.001
		processing begun of multimaterial:  terrain.Multimaterial#15
		num positions      :  638
		num normals        :  638
		num tangents       :  0
		num uvs            :  0
		num uvs2           :  0
		num colors         :  0
		num triangles      :  258
		WARNING: # of 0 area faces found:  8
	processing begun of mesh:  Icosphere.017
		processing begun of material:  leaf
		processing begun of material:  tree-body.001
		registered as also a user of material:  leaf
		registered as also a user of material:  tree-body.001
		processing begun of multimaterial:  terrain.Multimaterial#16
		num positions      :  347
		num normals        :  347
		num tangents       :  0
		num uvs            :  0
		num uvs2           :  0
		num colors         :  0
		num triangles      :  128
	processing begun of mesh:  Icosphere.016
		processing begun of material:  leaf
		processing begun of material:  tree-body.001
		registered as also a user of material:  leaf
		registered as also a user of material:  tree-body.001
		processing begun of multimaterial:  terrain.Multimaterial#17
		num positions      :  269
		num normals        :  269
		num tangents       :  0
		num uvs            :  0
		num uvs2           :  0
		num colors         :  0
		num triangles      :  102
	processing begun of mesh:  Cylinder.015
		processing begun of material:  leaf2
		processing begun of material:  tree-body
		registered as also a user of material:  leaf2
		registered as also a user of material:  tree-body
		processing begun of multimaterial:  terrain.Multimaterial#18
		num positions      :  233
		num normals        :  233
		num tangents       :  0
		num uvs            :  0
		num uvs2           :  0
		num colors         :  0
		num triangles      :  92
		WARNING: # of 0 area faces found:  10
	processing begun of mesh:  Cylinder.014
		processing begun of material:  leaf2
		processing begun of material:  tree-body
		registered as also a user of material:  leaf2
		registered as also a user of material:  tree-body
		processing begun of multimaterial:  terrain.Multimaterial#19
		num positions      :  233
		num normals        :  233
		num tangents       :  0
		num uvs            :  0
		num uvs2           :  0
		num colors         :  0
		num triangles      :  92
		WARNING: # of 0 area faces found:  10
	processing begun of mesh:  Icosphere.015
		processing begun of material:  leaf
		processing begun of material:  tree-body.001
		registered as also a user of material:  leaf
		registered as also a user of material:  tree-body.001
		processing begun of multimaterial:  terrain.Multimaterial#20
		num positions      :  269
		num normals        :  269
		num tangents       :  0
		num uvs            :  0
		num uvs2           :  0
		num colors         :  0
		num triangles      :  102
	processing begun of mesh:  Icosphere.014
		processing begun of material:  leaf
		processing begun of material:  tree-body.001
		registered as also a user of material:  leaf
		registered as also a user of material:  tree-body.001
		processing begun of multimaterial:  terrain.Multimaterial#21
		num positions      :  347
		num normals        :  347
		num tangents       :  0
		num uvs            :  0
		num uvs2           :  0
		num colors         :  0
		num triangles      :  128
	processing begun of mesh:  Icosphere.013
		processing begun of material:  leaf
		processing begun of material:  tree-body.001
		registered as also a user of material:  leaf
		registered as also a user of material:  tree-body.001
		processing begun of multimaterial:  terrain.Multimaterial#22
		num positions      :  638
		num normals        :  638
		num tangents       :  0
		num uvs            :  0
		num uvs2           :  0
		num colors         :  0
		num triangles      :  258
		WARNING: # of 0 area faces found:  8
	processing begun of mesh:  Icosphere.012
		processing begun of material:  leaf
		processing begun of material:  tree-body.001
		registered as also a user of material:  leaf
		registered as also a user of material:  tree-body.001
		processing begun of multimaterial:  terrain.Multimaterial#23
		num positions      :  638
		num normals        :  638
		num tangents       :  0
		num uvs            :  0
		num uvs2           :  0
		num colors         :  0
		num triangles      :  258
		WARNING: # of 0 area faces found:  8
	processing begun of mesh:  Icosphere.011
		processing begun of material:  leaf
		processing begun of material:  tree-body.001
		registered as also a user of material:  leaf
		registered as also a user of material:  tree-body.001
		processing begun of multimaterial:  terrain.Multimaterial#24
		num positions      :  347
		num normals        :  347
		num tangents       :  0
		num uvs            :  0
		num uvs2           :  0
		num colors         :  0
		num triangles      :  128
	processing begun of mesh:  Icosphere.010
		processing begun of material:  leaf
		processing begun of material:  tree-body.001
		registered as also a user of material:  leaf
		registered as also a user of material:  tree-body.001
		processing begun of multimaterial:  terrain.Multimaterial#25
		num positions      :  269
		num normals        :  269
		num tangents       :  0
		num uvs            :  0
		num uvs2           :  0
		num colors         :  0
		num triangles      :  102
	processing begun of mesh:  Cylinder.013
		processing begun of material:  leaf2
		processing begun of material:  tree-body
		registered as also a user of material:  leaf2
		registered as also a user of material:  tree-body
		processing begun of multimaterial:  terrain.Multimaterial#26
		num positions      :  233
		num normals        :  233
		num tangents       :  0
		num uvs            :  0
		num uvs2           :  0
		num colors         :  0
		num triangles      :  92
		WARNING: # of 0 area faces found:  10
	processing begun of mesh:  Cylinder.012
		processing begun of material:  leaf2
		processing begun of material:  tree-body
		registered as also a user of material:  leaf2
		registered as also a user of material:  tree-body
		processing begun of multimaterial:  terrain.Multimaterial#27
		num positions      :  233
		num normals        :  233
		num tangents       :  0
		num uvs            :  0
		num uvs2           :  0
		num colors         :  0
		num triangles      :  92
		WARNING: # of 0 area faces found:  10
	processing begun of mesh:  Icosphere.009
		processing begun of material:  leaf
		processing begun of material:  tree-body.001
		registered as also a user of material:  leaf
		registered as also a user of material:  tree-body.001
		processing begun of multimaterial:  terrain.Multimaterial#28
		num positions      :  269
		num normals        :  269
		num tangents       :  0
		num uvs            :  0
		num uvs2           :  0
		num colors         :  0
		num triangles      :  102
	processing begun of mesh:  Icosphere.008
		processing begun of material:  leaf
		processing begun of material:  tree-body.001
		registered as also a user of material:  leaf
		registered as also a user of material:  tree-body.001
		processing begun of multimaterial:  terrain.Multimaterial#29
		num positions      :  347
		num normals        :  347
		num tangents       :  0
		num uvs            :  0
		num uvs2           :  0
		num colors         :  0
		num triangles      :  128
	processing begun of mesh:  Icosphere.007
		processing begun of material:  leaf
		processing begun of material:  tree-body.001
		registered as also a user of material:  leaf
		registered as also a user of material:  tree-body.001
		processing begun of multimaterial:  terrain.Multimaterial#30
		num positions      :  638
		num normals        :  638
		num tangents       :  0
		num uvs            :  0
		num uvs2           :  0
		num colors         :  0
		num triangles      :  258
		WARNING: # of 0 area faces found:  8
	processing begun of mesh:  Cylinder.011
		processing begun of material:  leaf2
		processing begun of material:  tree-body
		processing begun of material:  snow
		registered as also a user of material:  leaf2
		registered as also a user of material:  tree-body
		registered as also a user of material:  snow
		processing begun of multimaterial:  terrain.Multimaterial#31
		num positions      :  233
		num normals        :  233
		num tangents       :  0
		num uvs            :  0
		num uvs2           :  0
		num colors         :  0
		num triangles      :  92
		WARNING: # of 0 area faces found:  10
	processing begun of mesh:  Cylinder.010
		processing begun of material:  leaf2
		processing begun of material:  tree-body
		processing begun of material:  snow
		registered as also a user of material:  leaf2
		registered as also a user of material:  tree-body
		registered as also a user of material:  snow
		processing begun of multimaterial:  terrain.Multimaterial#32
		num positions      :  233
		num normals        :  233
		num tangents       :  0
		num uvs            :  0
		num uvs2           :  0
		num colors         :  0
		num triangles      :  92
		WARNING: # of 0 area faces found:  10
	processing begun of mesh:  Cylinder.009
		processing begun of material:  leaf2
		processing begun of material:  tree-body
		processing begun of material:  snow
		registered as also a user of material:  leaf2
		registered as also a user of material:  tree-body
		registered as also a user of material:  snow
		processing begun of multimaterial:  terrain.Multimaterial#33
		num positions      :  233
		num normals        :  233
		num tangents       :  0
		num uvs            :  0
		num uvs2           :  0
		num colors         :  0
		num triangles      :  92
		WARNING: # of 0 area faces found:  10
	processing begun of mesh:  Cylinder.008
		processing begun of material:  leaf2
		processing begun of material:  tree-body
		processing begun of material:  snow
		registered as also a user of material:  leaf2
		registered as also a user of material:  tree-body
		registered as also a user of material:  snow
		processing begun of multimaterial:  terrain.Multimaterial#34
		num positions      :  233
		num normals        :  233
		num tangents       :  0
		num uvs            :  0
		num uvs2           :  0
		num colors         :  0
		num triangles      :  92
		WARNING: # of 0 area faces found:  10
	processing begun of mesh:  Cylinder.007
		processing begun of material:  leaf2
		processing begun of material:  tree-body
		processing begun of material:  snow
		registered as also a user of material:  leaf2
		registered as also a user of material:  tree-body
		registered as also a user of material:  snow
		processing begun of multimaterial:  terrain.Multimaterial#35
		num positions      :  233
		num normals        :  233
		num tangents       :  0
		num uvs            :  0
		num uvs2           :  0
		num colors         :  0
		num triangles      :  92
		WARNING: # of 0 area faces found:  10
	processing begun of mesh:  Cylinder.006
		processing begun of material:  leaf2
		processing begun of material:  tree-body
		processing begun of material:  snow
		registered as also a user of material:  leaf2
		registered as also a user of material:  tree-body
		registered as also a user of material:  snow
		processing begun of multimaterial:  terrain.Multimaterial#36
		num positions      :  233
		num normals        :  233
		num tangents       :  0
		num uvs            :  0
		num uvs2           :  0
		num colors         :  0
		num triangles      :  92
		WARNING: # of 0 area faces found:  10
	processing begun of mesh:  Cylinder.005
		processing begun of material:  leaf2
		processing begun of material:  tree-body
		processing begun of material:  snow
		registered as also a user of material:  leaf2
		registered as also a user of material:  tree-body
		registered as also a user of material:  snow
		processing begun of multimaterial:  terrain.Multimaterial#37
		num positions      :  233
		num normals        :  233
		num tangents       :  0
		num uvs            :  0
		num uvs2           :  0
		num colors         :  0
		num triangles      :  92
		WARNING: # of 0 area faces found:  10
	processing begun of mesh:  Cylinder.004
		processing begun of material:  leaf2
		processing begun of material:  tree-body
		processing begun of material:  snow
		registered as also a user of material:  leaf2
		registered as also a user of material:  tree-body
		registered as also a user of material:  snow
		processing begun of multimaterial:  terrain.Multimaterial#38
		num positions      :  233
		num normals        :  233
		num tangents       :  0
		num uvs            :  0
		num uvs2           :  0
		num colors         :  0
		num triangles      :  92
		WARNING: # of 0 area faces found:  10
	processing begun of mesh:  Icosphere.006
		processing begun of material:  leaf
		processing begun of material:  tree-body.001
		registered as also a user of material:  leaf
		registered as also a user of material:  tree-body.001
		processing begun of multimaterial:  terrain.Multimaterial#39
		num positions      :  638
		num normals        :  638
		num tangents       :  0
		num uvs            :  0
		num uvs2           :  0
		num colors         :  0
		num triangles      :  258
		WARNING: # of 0 area faces found:  8
	processing begun of mesh:  Icosphere.005
		processing begun of material:  leaf
		processing begun of material:  tree-body.001
		registered as also a user of material:  leaf
		registered as also a user of material:  tree-body.001
		processing begun of multimaterial:  terrain.Multimaterial#40
		num positions      :  347
		num normals        :  347
		num tangents       :  0
		num uvs            :  0
		num uvs2           :  0
		num colors         :  0
		num triangles      :  128
	processing begun of mesh:  Cylinder.002
		processing begun of material:  leaf2
		processing begun of material:  tree-body
		registered as also a user of material:  leaf2
		registered as also a user of material:  tree-body
		processing begun of multimaterial:  terrain.Multimaterial#41
		num positions      :  233
		num normals        :  233
		num tangents       :  0
		num uvs            :  0
		num uvs2           :  0
		num colors         :  0
		num triangles      :  92
		WARNING: # of 0 area faces found:  10
	processing begun of mesh:  Icosphere.003
		processing begun of material:  leaf
		processing begun of material:  tree-body.001
		registered as also a user of material:  leaf
		registered as also a user of material:  tree-body.001
		processing begun of multimaterial:  terrain.Multimaterial#42
		num positions      :  638
		num normals        :  638
		num tangents       :  0
		num uvs            :  0
		num uvs2           :  0
		num colors         :  0
		num triangles      :  258
		WARNING: # of 0 area faces found:  8
	processing begun of mesh:  Icosphere.002
		processing begun of material:  leaf
		processing begun of material:  tree-body.001
		registered as also a user of material:  leaf
		registered as also a user of material:  tree-body.001
		processing begun of multimaterial:  terrain.Multimaterial#43
		num positions      :  347
		num normals        :  347
		num tangents       :  0
		num uvs            :  0
		num uvs2           :  0
		num colors         :  0
		num triangles      :  128
	processing begun of mesh:  Icosphere.001
		processing begun of material:  cloud
		registered as also a user of material:  cloud
		num positions      :  252
		num normals        :  252
		num tangents       :  0
		num uvs            :  0
		num uvs2           :  0
		num colors         :  0
		num triangles      :  84
	processing begun of mesh:  Cylinder.001
		processing begun of material:  leaf2
		processing begun of material:  tree-body
		processing begun of material:  snow
		registered as also a user of material:  leaf2
		registered as also a user of material:  tree-body
		registered as also a user of material:  snow
		processing begun of multimaterial:  terrain.Multimaterial#44
		num positions      :  233
		num normals        :  233
		num tangents       :  0
		num uvs            :  0
		num uvs2           :  0
		num colors         :  0
		num triangles      :  92
		WARNING: # of 0 area faces found:  10
	processing begun of mesh:  Cylinder
		processing begun of material:  leaf2
		processing begun of material:  tree-body
		registered as also a user of material:  leaf2
		registered as also a user of material:  tree-body
		processing begun of multimaterial:  terrain.Multimaterial#45
		num positions      :  233
		num normals        :  233
		num tangents       :  0
		num uvs            :  0
		num uvs2           :  0
		num colors         :  0
		num triangles      :  92
		WARNING: # of 0 area faces found:  10
	processing begun of mesh:  Icosphere
		processing begun of material:  leaf
		processing begun of material:  tree-body.001
		registered as also a user of material:  leaf
		registered as also a user of material:  tree-body.001
		processing begun of multimaterial:  terrain.Multimaterial#46
		num positions      :  269
		num normals        :  269
		num tangents       :  0
		num uvs            :  0
		num uvs2           :  0
		num colors         :  0
		num triangles      :  102
	processing begun of mesh:  Plane
		processing begun of material:  terrain
		processing begun of material:  mountain
		processing begun of material:  snow.001
		processing begun of material:  Material.001
		processing begun of material:  lake
		processing begun of multimaterial:  terrain.Multimaterial#47
		num positions      :  1722
		num normals        :  1722
		num tangents       :  0
		num uvs            :  0
		num uvs2           :  0
		num colors         :  0
		num triangles      :  1064
	processing begun of camera (UniversalCamera):  Camera
	processing begun of light (DIRECTIONAL):  Sun
========= Writing of JSON file started =========
	writing mesh:  Icosphere.004
	writing mesh:  Icosphere.032
	writing mesh:  Cube.005
	writing mesh:  Cube.001
	writing mesh:  Cube
	writing mesh:  Cylinder.019
	writing mesh:  Icosphere.031
	writing mesh:  Icosphere.030
	writing mesh:  Icosphere.029
	writing mesh:  Icosphere.028
	writing mesh:  Cylinder.018
	writing mesh:  Icosphere.027
	writing mesh:  Icosphere.026
	writing mesh:  Icosphere.025
	writing mesh:  Icosphere.024
	writing mesh:  Icosphere.023
	writing mesh:  Cylinder.017
	writing mesh:  Cylinder.016
	writing mesh:  Icosphere.021
	writing mesh:  Icosphere.020
	writing mesh:  Icosphere.019
	writing mesh:  Icosphere.018
	writing mesh:  Icosphere.017
	writing mesh:  Icosphere.016
	writing mesh:  Cylinder.015
	writing mesh:  Cylinder.014
	writing mesh:  Icosphere.015
	writing mesh:  Icosphere.014
	writing mesh:  Icosphere.013
	writing mesh:  Icosphere.012
	writing mesh:  Icosphere.011
	writing mesh:  Icosphere.010
	writing mesh:  Cylinder.013
	writing mesh:  Cylinder.012
	writing mesh:  Icosphere.009
	writing mesh:  Icosphere.008
	writing mesh:  Icosphere.007
	writing mesh:  Cylinder.011
	writing mesh:  Cylinder.010
	writing mesh:  Cylinder.009
	writing mesh:  Cylinder.008
	writing mesh:  Cylinder.007
	writing mesh:  Cylinder.006
	writing mesh:  Cylinder.005
	writing mesh:  Cylinder.004
	writing mesh:  Icosphere.006
	writing mesh:  Icosphere.005
	writing mesh:  Cylinder.002
	writing mesh:  Icosphere.003
	writing mesh:  Icosphere.002
	writing mesh:  Icosphere.001
	writing mesh:  Cylinder.001
	writing mesh:  Cylinder
	writing mesh:  Icosphere
	writing mesh:  Plane
========= Writing of JSON file completed =========
========= end of processing =========
elapsed time:  0 min, 1.3632 secs
